Unity Editor version:    2020.3.19f1 (68f137dc9bbe)
Branch:                  2020.3/staging
Build type:              Release
Batch mode:              YES
macOS version:           Version 11.6 (Build 20G165)
Darwin version:          20.6.0
Architecture:            x86_64
Running under Rosetta:   NO
Available memory:        32768 MB
Using pre-set license
Pro License: NO

COMMAND LINE ARGUMENTS:
/Applications/Unity/Hub/Editor/2020.3.19f1/Unity.app/Contents/MacOS/Unity
-adb2
-batchMode
-noUpm
-name
AssetImportWorker0
-projectPath
/Users/aashiq/ASU/meteor/ShaderTemplates
-logFile
Logs/AssetImportWorker0.log
-srvPort
56035
Successfully changed project path to: /Users/aashiq/ASU/meteor/ShaderTemplates
/Users/aashiq/ASU/meteor/ShaderTemplates
Using Asset Import Pipeline V2.
Refreshing native plugins compatible for Editor in 116.50 ms, found 2 plugins.
Preloading 0 native plugins for Editor in 0.00 ms.
Initialize engine version: 2020.3.19f1 (68f137dc9bbe)
[Subsystems] Discovering subsystems at path /Applications/Unity/Hub/Editor/2020.3.19f1/Unity.app/Contents/Resources/UnitySubsystems
[Subsystems] Discovering subsystems at path /Users/aashiq/ASU/meteor/ShaderTemplates/Assets
GfxDevice: creating device client; threaded=0
2021-11-02 14:00:48.595 Unity[19601:1266522] Color LCD preferred device: AMD Radeon Pro 560X (high power)
2021-11-02 14:00:48.595 Unity[19601:1266522] Metal devices available: 2
2021-11-02 14:00:48.595 Unity[19601:1266522] 0: AMD Radeon Pro 560X (high power)
2021-11-02 14:00:48.595 Unity[19601:1266522] 1: Intel(R) UHD Graphics 630 (low power)
2021-11-02 14:00:48.596 Unity[19601:1266522] Using device AMD Radeon Pro 560X (high power)
Initializing Metal device caps: AMD Radeon Pro 560X
Initialize mono
Mono path[0] = '/Applications/Unity/Hub/Editor/2020.3.19f1/Unity.app/Contents/Managed'
Mono path[1] = '/Applications/Unity/Hub/Editor/2020.3.19f1/Unity.app/Contents/MonoBleedingEdge/lib/mono/unityjit'
Mono config path = '/Applications/Unity/Hub/Editor/2020.3.19f1/Unity.app/Contents/MonoBleedingEdge/etc'
Using monoOptions --debugger-agent=transport=dt_socket,embedding=1,server=y,suspend=n,address=127.0.0.1:56601
Begin MonoManager ReloadAssembly
Registering precompiled unity dll's ...
Register platform support module: /Applications/Unity/Hub/Editor/2020.3.19f1/Unity.app/Contents/PlaybackEngines/MacStandaloneSupport/UnityEditor.OSXStandalone.Extensions.dll
Registered in 0.000635 seconds.
Native extension for OSXStandalone target not found
Refreshing native plugins compatible for Editor in 44.02 ms, found 2 plugins.
Preloading 0 native plugins for Editor in 0.00 ms.
Mono: successfully reloaded assembly
- Completed reload, in  4.738 seconds
Domain Reload Profiling:
	ReloadAssembly (4738ms)
		BeginReloadAssembly (127ms)
			ExecutionOrderSort (0ms)
			DisableScriptedObjects (0ms)
			BackupInstance (0ms)
			ReleaseScriptingObjects (0ms)
			CreateAndSetChildDomain (2ms)
		EndReloadAssembly (513ms)
			LoadAssemblies (121ms)
			RebuildTransferFunctionScriptingTraits (0ms)
			SetupTypeCache (209ms)
			ReleaseScriptCaches (0ms)
			RebuildScriptCaches (41ms)
			SetupLoadedEditorAssemblies (205ms)
				LogAssemblyErrors (0ms)
				InitializePlatformSupportModulesInManaged (4ms)
				SetLoadedEditorAssemblies (0ms)
				RefreshPlugins (44ms)
				BeforeProcessingInitializeOnLoad (11ms)
				ProcessInitializeOnLoadAttributes (110ms)
				ProcessInitializeOnLoadMethodAttributes (36ms)
				AfterProcessingInitializeOnLoad (0ms)
				EditorAssembliesLoaded (0ms)
			ExecutionOrderSort2 (0ms)
			AwakeInstancesAfterBackupRestoration (0ms)
Platform modules already initialized, skipping
Registering precompiled user dll's ...
Registered in 0.002112 seconds.
Begin MonoManager ReloadAssembly
Native extension for OSXStandalone target not found
Refreshing native plugins compatible for Editor in 51.98 ms, found 2 plugins.
Preloading 0 native plugins for Editor in 0.00 ms.
Mono: successfully reloaded assembly
- Completed reload, in  1.330 seconds
Domain Reload Profiling:
	ReloadAssembly (1330ms)
		BeginReloadAssembly (169ms)
			ExecutionOrderSort (0ms)
			DisableScriptedObjects (5ms)
			BackupInstance (0ms)
			ReleaseScriptingObjects (0ms)
			CreateAndSetChildDomain (33ms)
		EndReloadAssembly (1088ms)
			LoadAssemblies (81ms)
			RebuildTransferFunctionScriptingTraits (0ms)
			SetupTypeCache (406ms)
			ReleaseScriptCaches (1ms)
			RebuildScriptCaches (70ms)
			SetupLoadedEditorAssemblies (386ms)
				LogAssemblyErrors (0ms)
				InitializePlatformSupportModulesInManaged (5ms)
				SetLoadedEditorAssemblies (0ms)
				RefreshPlugins (52ms)
				BeforeProcessingInitializeOnLoad (85ms)
				ProcessInitializeOnLoadAttributes (237ms)
				ProcessInitializeOnLoadMethodAttributes (5ms)
				AfterProcessingInitializeOnLoad (2ms)
				EditorAssembliesLoaded (0ms)
			ExecutionOrderSort2 (0ms)
			AwakeInstancesAfterBackupRestoration (7ms)
Platform modules already initialized, skipping
Validating Project structure ... 0.000884 seconds.
Shader import version has changed; will reimport all shaders...
Upgrading shader files ...0.001028 seconds.
Application.AssetDatabase Initial Script Refresh Start
RefreshInfo: InitialScriptRefreshV2(NoUpdateAssetOptions) scanfilter:  ... 1 filters
RefreshProfiler: Total: 0.000ms
Application.AssetDatabase Initial Script Refresh End
Application.AssetDatabase.Refresh Start
Application.AssetDatabase.Refresh End
RefreshInfo: StopAssetImportingV2(ForceSynchronousImport) scanfilter: 
RefreshProfiler: Total: 0.000ms
Launching external process: /Applications/Unity/Hub/Editor/2020.3.19f1/Unity.app/Contents/Tools/UnityShaderCompiler
Launched and connected shader compiler UnityShaderCompiler after 0.01 seconds
Initializing Unity extensions:
========================================================================
Worker process is ready to serve import requests
Refreshing native plugins compatible for Editor in 0.42 ms, found 2 plugins.
Preloading 0 native plugins for Editor in 0.00 ms.
Unloading 2713 Unused Serialized files (Serialized files now loaded: 0)
System memory in use before: 233.5 MB.
System memory in use after: 233.3 MB.

Unloading 117 unused Assets to reduce memory usage. Loaded Objects now: 3187.
Total: 3.543422 ms (FindLiveObjects: 0.315261 ms CreateObjectMapping: 0.125677 ms MarkObjects: 2.888165 ms  DeleteObjects: 0.213478 ms)

AssetImportParameters requested are different than current active one (requested -> active):
  custom:video-decoder-ogg-theora: a1e56fd34408186e4bbccfd4996cb3dc -> 
  custom:container-muxer-webm: aa71ff27fc2769a1b78a27578f13a17b -> 
  custom:container-demuxer-webm: 4f35f7cbe854078d1ac9338744f61a02 -> 
  custom:container-demuxer-ogg: 62fdf1f143b41e24485cea50d1cbac27 -> 
  custom:video-encoder-webm-vp8: eb34c28f22e8b96e1ab97ce403110664 -> 
  custom:framework-osx-AVFoundation: e770b220cccbd017edd2c1fefb359320 -> 
  custom:video-decoder-webm-vp8: 9c59270c3fd7afecdb556c50c9e8de78 -> 
  custom:audio-decoder-ogg-vorbis: bf7c407c2cedff20999df2af8eb42d56 -> 
  custom:audio-encoder-webm-vorbis: bf7c407c2cedff20999df2af8eb42d56 -> 
========================================================================
Received Prepare
Registering precompiled user dll's ...
Registered in 0.001520 seconds.
Begin MonoManager ReloadAssembly
Native extension for OSXStandalone target not found
Refreshing native plugins compatible for Editor in 0.48 ms, found 2 plugins.
Preloading 0 native plugins for Editor in 0.00 ms.
Mono: successfully reloaded assembly
- Completed reload, in  1.350 seconds
Domain Reload Profiling:
	ReloadAssembly (1351ms)
		BeginReloadAssembly (138ms)
			ExecutionOrderSort (0ms)
			DisableScriptedObjects (5ms)
			BackupInstance (0ms)
			ReleaseScriptingObjects (0ms)
			CreateAndSetChildDomain (72ms)
		EndReloadAssembly (1138ms)
			LoadAssemblies (82ms)
			RebuildTransferFunctionScriptingTraits (0ms)
			SetupTypeCache (409ms)
			ReleaseScriptCaches (1ms)
			RebuildScriptCaches (58ms)
			SetupLoadedEditorAssemblies (382ms)
				LogAssemblyErrors (0ms)
				InitializePlatformSupportModulesInManaged (5ms)
				SetLoadedEditorAssemblies (1ms)
				RefreshPlugins (1ms)
				BeforeProcessingInitializeOnLoad (139ms)
				ProcessInitializeOnLoadAttributes (231ms)
				ProcessInitializeOnLoadMethodAttributes (5ms)
				AfterProcessingInitializeOnLoad (2ms)
				EditorAssembliesLoaded (0ms)
			ExecutionOrderSort2 (0ms)
			AwakeInstancesAfterBackupRestoration (13ms)
Platform modules already initialized, skipping
Refreshing native plugins compatible for Editor in 0.48 ms, found 2 plugins.
Preloading 0 native plugins for Editor in 0.00 ms.
Unloading 2593 Unused Serialized files (Serialized files now loaded: 0)
System memory in use before: 225.3 MB.
System memory in use after: 225.6 MB.

Unloading 13 unused Assets to reduce memory usage. Loaded Objects now: 3190.
Total: 3.374254 ms (FindLiveObjects: 0.266812 ms CreateObjectMapping: 0.114787 ms MarkObjects: 2.976767 ms  DeleteObjects: 0.015178 ms)

AssetImportParameters requested are different than current active one (requested -> active):
  custom:video-decoder-ogg-theora: a1e56fd34408186e4bbccfd4996cb3dc -> 
  custom:container-muxer-webm: aa71ff27fc2769a1b78a27578f13a17b -> 
  custom:container-demuxer-webm: 4f35f7cbe854078d1ac9338744f61a02 -> 
  custom:container-demuxer-ogg: 62fdf1f143b41e24485cea50d1cbac27 -> 
  custom:video-encoder-webm-vp8: eb34c28f22e8b96e1ab97ce403110664 -> 
  custom:framework-osx-AVFoundation: e770b220cccbd017edd2c1fefb359320 -> 
  custom:video-decoder-webm-vp8: 9c59270c3fd7afecdb556c50c9e8de78 -> 
  custom:audio-decoder-ogg-vorbis: bf7c407c2cedff20999df2af8eb42d56 -> 
  custom:audio-encoder-webm-vorbis: bf7c407c2cedff20999df2af8eb42d56 -> 
========================================================================
Received Import Request.
  path: Assets/Materials/Skybox_Mat.mat
  artifactKey: Guid(0ffaa0b7117ba8c47a9d05ae701d4b4d) Importer(815301076,1909f56bfc062723c751e8b465ee728b)
Start importing Assets/Materials/Skybox_Mat.mat using Guid(0ffaa0b7117ba8c47a9d05ae701d4b4d) Importer(815301076,1909f56bfc062723c751e8b465ee728b)  -> (artifact id: '4d54ab3375f41efad00566dcae11def2') in 1.423612 seconds 
  Import took 1.428070 seconds .

========================================================================
Received Import Request.
  Time since last request: 19.447121 seconds.
  path: Assets/ShaderTemplates
  artifactKey: Guid(6537ee0ba476f43339da3b3a288e3dc1) Importer(815301076,1909f56bfc062723c751e8b465ee728b)
Start importing Assets/ShaderTemplates using Guid(6537ee0ba476f43339da3b3a288e3dc1) Importer(815301076,1909f56bfc062723c751e8b465ee728b)  -> (artifact id: 'bad648d153671e92f22b02212f469758') in 0.001996 seconds 
  Import took 0.006351 seconds .

========================================================================
Received Import Request.
  Time since last request: 8.680986 seconds.
  path: Assets/ShaderTemplates/Decals
  artifactKey: Guid(43a066926ac094551a32ba60e216e9dc) Importer(815301076,1909f56bfc062723c751e8b465ee728b)
Start importing Assets/ShaderTemplates/Decals using Guid(43a066926ac094551a32ba60e216e9dc) Importer(815301076,1909f56bfc062723c751e8b465ee728b)  -> (artifact id: '5a2d82b147df2d06d68b3903a2499a38') in 0.001830 seconds 
  Import took 0.006059 seconds .

========================================================================
Received Import Request.
  Time since last request: 13.674397 seconds.
  path: Assets/ShaderTemplates/Lightning
  artifactKey: Guid(efc813b938ed941e28fff9f3167ea3ec) Importer(815301076,1909f56bfc062723c751e8b465ee728b)
Start importing Assets/ShaderTemplates/Lightning using Guid(efc813b938ed941e28fff9f3167ea3ec) Importer(815301076,1909f56bfc062723c751e8b465ee728b)  -> (artifact id: '3d26e258188ac4671fc5777c2355c157') in 0.001560 seconds 
  Import took 0.006012 seconds .

========================================================================
Received Import Request.
  Time since last request: 738.404002 seconds.
  path: Assets/ShaderTemplates/Rain
  artifactKey: Guid(f9298f429733c48e49195b13abf307d6) Importer(815301076,1909f56bfc062723c751e8b465ee728b)
Start importing Assets/ShaderTemplates/Rain using Guid(f9298f429733c48e49195b13abf307d6) Importer(815301076,1909f56bfc062723c751e8b465ee728b)  -> (artifact id: '33f1d8247507c19c3f8391a0454ad796') in 0.002163 seconds 
  Import took 0.007040 seconds .

========================================================================
Received Prepare
Registering precompiled user dll's ...
Registered in 0.001798 seconds.
Begin MonoManager ReloadAssembly
Native extension for OSXStandalone target not found
Refreshing native plugins compatible for Editor in 54.04 ms, found 2 plugins.
Preloading 0 native plugins for Editor in 0.00 ms.
Mono: successfully reloaded assembly
- Completed reload, in  1.360 seconds
Domain Reload Profiling:
	ReloadAssembly (1360ms)
		BeginReloadAssembly (149ms)
			ExecutionOrderSort (0ms)
			DisableScriptedObjects (7ms)
			BackupInstance (0ms)
			ReleaseScriptingObjects (0ms)
			CreateAndSetChildDomain (72ms)
		EndReloadAssembly (1140ms)
			LoadAssemblies (78ms)
			RebuildTransferFunctionScriptingTraits (0ms)
			SetupTypeCache (403ms)
			ReleaseScriptCaches (1ms)
			RebuildScriptCaches (49ms)
			SetupLoadedEditorAssemblies (381ms)
				LogAssemblyErrors (0ms)
				InitializePlatformSupportModulesInManaged (4ms)
				SetLoadedEditorAssemblies (0ms)
				RefreshPlugins (54ms)
				BeforeProcessingInitializeOnLoad (115ms)
				ProcessInitializeOnLoadAttributes (202ms)
				ProcessInitializeOnLoadMethodAttributes (5ms)
				AfterProcessingInitializeOnLoad (1ms)
				EditorAssembliesLoaded (0ms)
			ExecutionOrderSort2 (0ms)
			AwakeInstancesAfterBackupRestoration (17ms)
Platform modules already initialized, skipping
Refreshing native plugins compatible for Editor in 0.47 ms, found 2 plugins.
Preloading 0 native plugins for Editor in 0.00 ms.
Unloading 3117 Unused Serialized files (Serialized files now loaded: 0)
System memory in use before: 253.3 MB.
System memory in use after: 253.4 MB.

Unloading 18 unused Assets to reduce memory usage. Loaded Objects now: 3787.
Total: 3.620103 ms (FindLiveObjects: 0.303582 ms CreateObjectMapping: 0.146482 ms MarkObjects: 3.068928 ms  DeleteObjects: 0.100284 ms)

AssetImportParameters requested are different than current active one (requested -> active):
  custom:video-decoder-ogg-theora: a1e56fd34408186e4bbccfd4996cb3dc -> 
  custom:container-muxer-webm: aa71ff27fc2769a1b78a27578f13a17b -> 
  custom:container-demuxer-webm: 4f35f7cbe854078d1ac9338744f61a02 -> 
  custom:container-demuxer-ogg: 62fdf1f143b41e24485cea50d1cbac27 -> 
  custom:video-encoder-webm-vp8: eb34c28f22e8b96e1ab97ce403110664 -> 
  custom:framework-osx-AVFoundation: e770b220cccbd017edd2c1fefb359320 -> 
  custom:video-decoder-webm-vp8: 9c59270c3fd7afecdb556c50c9e8de78 -> 
  custom:audio-decoder-ogg-vorbis: bf7c407c2cedff20999df2af8eb42d56 -> 
  custom:audio-encoder-webm-vorbis: bf7c407c2cedff20999df2af8eb42d56 -> 
========================================================================
Received Import Request.
  Time since last request: 74.328501 seconds.
  path: Assets/ShaderTemplates/Rain/Rain.vfx
  artifactKey: Guid(7657e71d73bee40dea166dc1209a08ff) Importer(815301076,1909f56bfc062723c751e8b465ee728b)
Start importing Assets/ShaderTemplates/Rain/Rain.vfx using Guid(7657e71d73bee40dea166dc1209a08ff) Importer(815301076,1909f56bfc062723c751e8b465ee728b)  -> (artifact id: '718bf0ed20b9bdb8b31b0469c1472547') in 0.376959 seconds 
  Import took 0.383428 seconds .

========================================================================
Received Import Request.
  Time since last request: 4.100181 seconds.
  path: Assets/ShaderTemplates/Rain/Rain.vfx
  artifactKey: Guid(7657e71d73bee40dea166dc1209a08ff) Importer(815301076,1909f56bfc062723c751e8b465ee728b)
Start importing Assets/ShaderTemplates/Rain/Rain.vfx using Guid(7657e71d73bee40dea166dc1209a08ff) Importer(815301076,1909f56bfc062723c751e8b465ee728b)  -> (artifact id: 'bbfc38b4233d713b31dabad7965f8f8d') in 0.004999 seconds 
  Import took 0.010715 seconds .

========================================================================
Received Import Request.
  Time since last request: 112.352591 seconds.
  path: Assets/ShaderTemplates/Rain/Rain.vfx
  artifactKey: Guid(7657e71d73bee40dea166dc1209a08ff) Importer(815301076,1909f56bfc062723c751e8b465ee728b)
Start importing Assets/ShaderTemplates/Rain/Rain.vfx using Guid(7657e71d73bee40dea166dc1209a08ff) Importer(815301076,1909f56bfc062723c751e8b465ee728b)  -> (artifact id: '66b15f6a77a7810da485bca8645029c4') in 0.005701 seconds 
  Import took 0.011909 seconds .

========================================================================
Received Import Request.
  Time since last request: 30.926097 seconds.
  path: Assets/ShaderTemplates/Rain/Rain.vfx
  artifactKey: Guid(7657e71d73bee40dea166dc1209a08ff) Importer(815301076,1909f56bfc062723c751e8b465ee728b)
Start importing Assets/ShaderTemplates/Rain/Rain.vfx using Guid(7657e71d73bee40dea166dc1209a08ff) Importer(815301076,1909f56bfc062723c751e8b465ee728b)  -> (artifact id: '39280f2dd21d3504be787f3998be431d') in 0.005862 seconds 
  Import took 0.011308 seconds .

========================================================================
Received Import Request.
  Time since last request: 0.914099 seconds.
  path: Assets/ShaderTemplates/Rain/Rain.vfx
  artifactKey: Guid(7657e71d73bee40dea166dc1209a08ff) Importer(815301076,1909f56bfc062723c751e8b465ee728b)
Start importing Assets/ShaderTemplates/Rain/Rain.vfx using Guid(7657e71d73bee40dea166dc1209a08ff) Importer(815301076,1909f56bfc062723c751e8b465ee728b)  -> (artifact id: '2e2f878d97ee65e65439ecb6ce6d5167') in 0.006280 seconds 
  Import took 0.012630 seconds .

AssetImportWorkerClient::OnTransportError - code=2 error=End of file
